<?xml version="1.0" encoding="UTF-8"?>
<!-- Generated by org.testng.reporters.JUnitXMLReporter -->
<testsuite hostname="A-FH18352" name="Command line test" tests="4" failures="0" timestamp="13 Sep 2013 21:58:59 GMT" time="11.04" errors="0">
  <testcase name="testA" time="5.008" classname="org.familysearch.search.ui.tests.BasicTest"/>
  <testcase name="testAB" time="5.002" classname="org.familysearch.search.ui.tests.BasicTest"/>
  <testcase name="testB" time="0.01" classname="org.familysearch.search.ui.tests.BasicTest"/>
  <testcase name="testC" time="1.0" classname="org.familysearch.search.ui.tests.BasicTest"/>
</testsuite> <!-- Command line test -->
